Linux 4.4.0-142-generic (ubuntu) 	2019年06月25日 	_x86_64_	(1 CPU)

00時10分49秒  pgpgin/s pgpgout/s   fault/s  majflt/s  pgfree/s pgscank/s pgscand/s pgsteal/s    %vmeff
00時10分50秒      0.00      0.00      1.00      0.00     30.00      0.00      0.00      0.00      0.00
00時10分51秒      0.00      0.00      0.00      0.00     31.00      0.00      0.00      0.00      0.00
00時10分52秒      0.00      0.00      0.00      0.00     30.00      0.00      0.00      0.00      0.00
00時10分53秒      0.00     28.00      1.00      0.00     31.00      0.00      0.00      0.00      0.00
00時10分54秒      0.00      0.00    129.00      0.00     92.00      0.00      0.00      0.00      0.00
00時10分55秒      0.00      0.00      1.00      0.00     31.00      0.00      0.00      0.00      0.00
00時10分56秒      0.00      0.00      0.00      0.00     30.00      0.00      0.00      0.00      0.00
00時10分57秒      0.00      0.00      0.00      0.00     31.31      0.00      0.00      0.00      0.00
00時10分58秒      0.00     20.00      0.00      0.00     30.00      0.00      0.00      0.00      0.00
00時10分59秒      0.00      0.00   2561.00      0.00     31.00      0.00      0.00      0.00      0.00
00時11分00秒      0.00      0.00   2560.00      0.00     30.00      0.00      0.00      0.00      0.00
00時11分01秒      0.00      0.00   2534.65      0.00     30.69      0.00      0.00      0.00      0.00
00時11分02秒      0.00      0.00   2585.86      0.00     30.30      0.00      0.00      0.00      0.00
00時11分03秒      0.00     15.84   2534.65      0.00     30.69      0.00      0.00      0.00      0.00
00時11分04秒      0.00      0.00   2560.00      0.00     30.00      0.00      0.00      0.00      0.00
00時11分05秒      0.00      0.00   2585.86      0.00     31.31      0.00      0.00      0.00      0.00
00時11分06秒      0.00      0.00   2560.00      0.00     30.00      0.00      0.00      0.00      0.00
00時11分07秒      0.00      0.00   2534.65      0.00     29.70      0.00      0.00      0.00      0.00
00時11分08秒      0.00     32.32   2584.85      0.00     31.31      0.00      0.00      0.00      0.00
00時11分09秒      0.00      0.00      0.00      0.00     30.00      0.00      0.00      0.00      0.00
00時11分10秒      0.00      4.04     41.41      0.00  25998.99      0.00      0.00      0.00      0.00
00時11分11秒      0.00      0.00      0.00      0.00     30.00      0.00      0.00      0.00      0.00
00時11分12秒      0.00      0.00      0.00      0.00     30.69      0.00      0.00      0.00      0.00
00時11分13秒      0.00     48.48    630.30      0.00    314.14      0.00      0.00      0.00      0.00
00時11分14秒      0.00      0.00    534.00      0.00    292.00      0.00      0.00      0.00      0.00
00時11分15秒      0.00      0.00      0.00      0.00     30.30      0.00      0.00      0.00      0.00
00時11分16秒      0.00      0.00      0.00      0.00     30.69      0.00      0.00      0.00      0.00
00時11分17秒      0.00      8.00     44.00      0.00    153.00      0.00      0.00      0.00      0.00
00時11分18秒      0.00      0.00      0.00      0.00     16.00      0.00      0.00      0.00      0.00


平均値:       0.00      5.38    930.81      0.00    942.17      0.00      0.00      0.00      0.00
