# ./demand-paging
Tue Jun 25 00:10:53 2019: before allocation, please press Enter key
Tue Jun 25 00:10:55 2019: allocated 100MB, please press Enter key
Tue Jun 25 00:10:58 2019: touched 10MB
Tue Jun 25 00:10:59 2019: touched 20MB
Tue Jun 25 00:11:00 2019: touched 30MB
Tue Jun 25 00:11:01 2019: touched 40MB
Tue Jun 25 00:11:02 2019: touched 50MB
Tue Jun 25 00:11:03 2019: touched 60MB
Tue Jun 25 00:11:04 2019: touched 70MB
Tue Jun 25 00:11:05 2019: touched 80MB
Tue Jun 25 00:11:06 2019: touched 90MB
Tue Jun 25 00:11:07 2019: touched 100MB, please press Enter key


# sar -r 1
Linux 4.4.0-142-generic (ubuntu) 	2019年06月25日 	_x86_64_	(1 CPU)

00時10分41秒 kbmemfree kbmemused  %memused kbbuffers  kbcached  kbcommit   %commit  kbactive   kbinact   kbdirty
00時10分42秒    484244    531656     52.33     12776    434708    214796     10.66    345184    131436        20
00時10分43秒    484244    531656     52.33     12784    434708    214796     10.66    345240    131436        28
00時10分44秒    484244    531656     52.33     12784    434708    214796     10.66    345240    131436        28
00時10分45秒    484244    531656     52.33     12784    434708    214796     10.66    345240    131436        28
00時10分46秒    484244    531656     52.33     12784    434708    214796     10.66    345240    131436        28
00時10分47秒    484244    531656     52.33     12784    434708    214796     10.66    345240    131436        28
00時10分48秒    484416    531484     52.32     12792    434700    214796     10.66    344900    131436        28
00時10分49秒    484416    531484     52.32     12792    434708    214796     10.66    344900    131436        32
00時10分50秒    484244    531656     52.33     12792    434696    214796     10.66    345240    131440        32
00時10分51秒    484244    531656     52.33     12792    434696    214796     10.66    345240    131440        32
00時10分52秒    484244    531656     52.33     12792    434696    214796     10.66    345240    131440        32
00時10分53秒    484244    531656     52.33     12792    434696    214796     10.66    345244    131436        32
00時10分54秒    484096    531804     52.35     12800    434696    214796     10.66    345280    131436        32
00時10分55秒    484096    531804     52.35     12800    434692    318312     15.80    345316    131436        28
00時10分56秒    484096    531804     52.35     12800    434692    318312     15.80    345316    131436        28
00時10分57秒    484096    531804     52.35     12800    434692    318312     15.80    345316    131436        28
00時10分58秒    484096    531804     52.35     12800    434692    318312     15.80    345316    131436        28 # メモリアクセス開始
00時10分59秒    473860    542040     53.36     12808    434692    318312     15.80    355552    131436        28
00時11分00秒    463624    552276     54.36     12808    434692    318312     15.80    365800    131436        28
00時11分01秒    453388    562512     55.37     12808    434692    318312     15.80    376048    131436        28
00時11分02秒    443028    572872     56.39     12808    434692    318312     15.80    386224    131436        28
00時11分03秒    432792    583108     57.40     12808    434692    318312     15.80    396488    131436        28
00時11分04秒    422568    593332     58.40     12816    434692    318312     15.80    406712    131436        28
00時11分05秒    412276    603624     59.42     12816    434692    318312     15.80    416972    131436        28
00時11分06秒    402040    613860     60.43     12816    434692    318312     15.80    427232    131436        28
00時11分07秒    391804    624096     61.43     12816    434692    318312     15.80    437480    131436        28 
00時11分08秒    381444    634456     62.45     12816    434692    318312     15.80    447676    131436         4 # メモリアクセス終了
00時11分09秒    381444    634456     62.45     12824    434692    318312     15.80    447704    131436        20
00時11分10秒    381444    634456     62.45     12824    434692    318312     15.80    447704    131436        20
00時11分11秒    483872    532028     52.37     12824    434696    215572     10.70    345276    131440        20
00時11分12秒    483872    532028     52.37     12824    434696    215572     10.70    345276    131440        20
00時11分13秒    483856    532044     52.37     12824    434696    215572     10.70    345276    131440        16
00時11分14秒    483832    532068     52.37     12832    434696    215572     10.70    345276    131440        40
00時11分15秒    483872    532028     52.37     12832    434696    215572     10.70    345284    131440        40
00時11分16秒    483872    532028     52.37     12832    434700    215572     10.70    345284    131440        44


平均値:     462133    553767     54.51     12805    434697    262251     13.02    367199    131437        28
Linux 4.4.0-142-generic (ubuntu) 	2019年06月25日 	_x86_64_	(1 CPU)

00時10分49秒  pgpgin/s pgpgout/s   fault/s  majflt/s  pgfree/s pgscank/s pgscand/s pgsteal/s    %vmeff
00時10分50秒      0.00      0.00      1.00      0.00     30.00      0.00      0.00      0.00      0.00
00時10分51秒      0.00      0.00      0.00      0.00     31.00      0.00      0.00      0.00      0.00
00時10分52秒      0.00      0.00      0.00      0.00     30.00      0.00      0.00      0.00      0.00
00時10分53秒      0.00     28.00      1.00      0.00     31.00      0.00      0.00      0.00      0.00
00時10分54秒      0.00      0.00    129.00      0.00     92.00      0.00      0.00      0.00      0.00
00時10分55秒      0.00      0.00      1.00      0.00     31.00      0.00      0.00      0.00      0.00
00時10分56秒      0.00      0.00      0.00      0.00     30.00      0.00      0.00      0.00      0.00
00時10分57秒      0.00      0.00      0.00      0.00     31.31      0.00      0.00      0.00      0.00
00時10分58秒      0.00     20.00      0.00      0.00     30.00      0.00      0.00      0.00      0.00 # メモリアクセス開始
00時10分59秒      0.00      0.00   2561.00      0.00     31.00      0.00      0.00      0.00      0.00
00時11分00秒      0.00      0.00   2560.00      0.00     30.00      0.00      0.00      0.00      0.00
00時11分01秒      0.00      0.00   2534.65      0.00     30.69      0.00      0.00      0.00      0.00
00時11分02秒      0.00      0.00   2585.86      0.00     30.30      0.00      0.00      0.00      0.00
00時11分03秒      0.00     15.84   2534.65      0.00     30.69      0.00      0.00      0.00      0.00
00時11分04秒      0.00      0.00   2560.00      0.00     30.00      0.00      0.00      0.00      0.00
00時11分05秒      0.00      0.00   2585.86      0.00     31.31      0.00      0.00      0.00      0.00
00時11分06秒      0.00      0.00   2560.00      0.00     30.00      0.00      0.00      0.00      0.00
00時11分07秒      0.00      0.00   2534.65      0.00     29.70      0.00      0.00      0.00      0.00 
00時11分08秒      0.00     32.32   2584.85      0.00     31.31      0.00      0.00      0.00      0.00 # メモリアクセス終了
00時11分09秒      0.00      0.00      0.00      0.00     30.00      0.00      0.00      0.00      0.00
00時11分10秒      0.00      4.04     41.41      0.00  25998.99      0.00      0.00      0.00      0.00
00時11分11秒      0.00      0.00      0.00      0.00     30.00      0.00      0.00      0.00      0.00
00時11分12秒      0.00      0.00      0.00      0.00     30.69      0.00      0.00      0.00      0.00
00時11分13秒      0.00     48.48    630.30      0.00    314.14      0.00      0.00      0.00      0.00
00時11分14秒      0.00      0.00    534.00      0.00    292.00      0.00      0.00      0.00      0.00
00時11分15秒      0.00      0.00      0.00      0.00     30.30      0.00      0.00      0.00      0.00
00時11分16秒      0.00      0.00      0.00      0.00     30.69      0.00      0.00      0.00      0.00
00時11分17秒      0.00      8.00     44.00      0.00    153.00      0.00      0.00      0.00      0.00
00時11分18秒      0.00      0.00      0.00      0.00     16.00      0.00      0.00      0.00      0.00


平均値:       0.00      5.38    930.81      0.00    942.17      0.00      0.00      0.00      0.00
