ELF ヘッダ:
  マジック:   7f 45 4c 46 02 01 01 00 00 00 00 00 00 00 00 00 
  クラス:                            ELF64
  データ:                            2 の補数、リトルエンディアン
  バージョン:                        1 (current)
  OS/ABI:                            UNIX - System V
  ABI バージョン:                    0
  型:                                EXEC (実行可能ファイル)
  マシン:                            Advanced Micro Devices X86-64
  バージョン:                        0x1
  エントリポイントアドレス:               0x401760
  プログラムの開始ヘッダ:          64 (バイト)
  セクションヘッダ始点:          29552 (バイト)
  フラグ:                            0x0
  このヘッダのサイズ:                64 (バイト)
  プログラムヘッダサイズ:            56 (バイト)
  プログラムヘッダ数:                9
  セクションヘッダ:                  64 (バイト)
  セクションヘッダサイズ:            29
  セクションヘッダ文字列表索引:      28
