29 個のセクションヘッダ、始点オフセット 0x7370:

セクションヘッダ:
  [番] 名前              タイプ           アドレス          オフセット
       サイズ            EntSize          フラグ Link  情報  整列
  [ 0]                   NULL             0000000000000000  00000000
       0000000000000000  0000000000000000           0     0     0
  [ 1] .interp           PROGBITS         0000000000400238  00000238
       000000000000001c  0000000000000000   A       0     0     1
  [ 2] .note.ABI-tag     NOTE             0000000000400254  00000254
       0000000000000020  0000000000000000   A       0     0     4
  [ 3] .note.gnu.build-i NOTE             0000000000400274  00000274
       0000000000000024  0000000000000000   A       0     0     4
  [ 4] .gnu.hash         GNU_HASH         0000000000400298  00000298
       0000000000000044  0000000000000000   A       5     0     8
  [ 5] .dynsym           DYNSYM           00000000004002e0  000002e0
       00000000000005b8  0000000000000018   A       6     1     8
  [ 6] .dynstr           STRTAB           0000000000400898  00000898
       0000000000000282  0000000000000000   A       0     0     1
  [ 7] .gnu.version      VERSYM           0000000000400b1a  00000b1a
       000000000000007a  0000000000000002   A       5     0     2
  [ 8] .gnu.version_r    VERNEED          0000000000400b98  00000b98
       0000000000000060  0000000000000000   A       6     1     8
  [ 9] .rela.dyn         RELA             0000000000400bf8  00000bf8
       00000000000000a8  0000000000000018   A       5     0     8
  [10] .rela.plt         RELA             0000000000400ca0  00000ca0
       00000000000004c8  0000000000000018  AI       5    24     8
  [11] .init             PROGBITS         0000000000401168  00001168
       000000000000001a  0000000000000000  AX       0     0     4
  [12] .plt              PROGBITS         0000000000401190  00001190
       0000000000000340  0000000000000010  AX       0     0     16
  [13] .plt.got          PROGBITS         00000000004014d0  000014d0
       0000000000000008  0000000000000000  AX       0     0     8
  [14] .text             PROGBITS         00000000004014e0  000014e0
       0000000000003319  0000000000000000  AX       0     0     16
  [15] .fini             PROGBITS         00000000004047fc  000047fc
       0000000000000009  0000000000000000  AX       0     0     4
  [16] .rodata           PROGBITS         0000000000404820  00004820
       0000000000000e3a  0000000000000000   A       0     0     32
  [17] .eh_frame_hdr     PROGBITS         000000000040565c  0000565c
       000000000000025c  0000000000000000   A       0     0     4
  [18] .eh_frame         PROGBITS         00000000004058b8  000058b8
       0000000000000c7c  0000000000000000   A       0     0     8
  [19] .init_array       INIT_ARRAY       0000000000606e10  00006e10
       0000000000000008  0000000000000000  WA       0     0     8
  [20] .fini_array       FINI_ARRAY       0000000000606e18  00006e18
       0000000000000008  0000000000000000  WA       0     0     8
  [21] .jcr              PROGBITS         0000000000606e20  00006e20
       0000000000000008  0000000000000000  WA       0     0     8
  [22] .dynamic          DYNAMIC          0000000000606e28  00006e28
       00000000000001d0  0000000000000010  WA       6     0     8
  [23] .got              PROGBITS         0000000000606ff8  00006ff8
       0000000000000008  0000000000000008  WA       0     0     8
  [24] .got.plt          PROGBITS         0000000000607000  00007000
       00000000000001b0  0000000000000008  WA       0     0     8
  [25] .data             PROGBITS         00000000006071c0  000071c0
       0000000000000074  0000000000000000  WA       0     0     32
  [26] .bss              NOBITS           0000000000607240  00007234
       00000000000001c0  0000000000000000  WA       0     0     32
  [27] .gnu_debuglink    PROGBITS         0000000000000000  00007234
       0000000000000034  0000000000000000           0     0     1
  [28] .shstrtab         STRTAB           0000000000000000  00007268
       0000000000000102  0000000000000000           0     0     1
フラグのキー:
  W (write), A (alloc), X (実行), M (merge), S (文字列), l (large)
  I (情報), L (リンク順), G (グループ), T (TLS), E (排他), x (不明)
  O (追加の OS 処理が必要) o (OS 固有), p (プロセッサ固有)
