execve("./hello", ["./hello"], [/* 21 vars */]) = 0 <0.000151>
brk(NULL)                               = 0x1c9e000 <0.000011>
access("/etc/ld.so.nohwcap", F_OK)      = -1 ENOENT (No such file or directory) <0.000017>
access("/etc/ld.so.preload", R_OK)      = -1 ENOENT (No such file or directory) <0.000020>
open("/etc/ld.so.cache", O_RDONLY|O_CLOEXEC) = 3 <0.000023>
fstat(3, {st_mode=S_IFREG|0644, st_size=24096, ...}) = 0 <0.000012>
mmap(NULL, 24096, PROT_READ, MAP_PRIVATE, 3, 0) = 0x7ff830ab7000 <0.000015>
close(3)                                = 0 <0.000018>
access("/etc/ld.so.nohwcap", F_OK)      = -1 ENOENT (No such file or directory) <0.000023>
open("/lib/x86_64-linux-gnu/libc.so.6", O_RDONLY|O_CLOEXEC) = 3 <0.000019>
read(3, "\177ELF\2\1\1\3\0\0\0\0\0\0\0\0\3\0>\0\1\0\0\0P\t\2\0\0\0\0\0"..., 832) = 832 <0.000078>
fstat(3, {st_mode=S_IFREG|0755, st_size=1868984, ...}) = 0 <0.000010>
mmap(NULL, 4096, PROT_READ|PROT_WRITE, MAP_PRIVATE|MAP_ANONYMOUS, -1, 0) = 0x7ff830ab6000 <0.000044>
mmap(NULL, 3971488, PROT_READ|PROT_EXEC, MAP_PRIVATE|MAP_DENYWRITE, 3, 0) = 0x7ff8304ce000 <0.000015>
mprotect(0x7ff83068e000, 2097152, PROT_NONE) = 0 <0.000024>
mmap(0x7ff83088e000, 24576, PROT_READ|PROT_WRITE, MAP_PRIVATE|MAP_FIXED|MAP_DENYWRITE, 3, 0x1c0000) = 0x7ff83088e000 <0.000020>
mmap(0x7ff830894000, 14752, PROT_READ|PROT_WRITE, MAP_PRIVATE|MAP_FIXED|MAP_ANONYMOUS, -1, 0) = 0x7ff830894000 <0.000013>
close(3)                                = 0 <0.000009>
mmap(NULL, 4096, PROT_READ|PROT_WRITE, MAP_PRIVATE|MAP_ANONYMOUS, -1, 0) = 0x7ff830ab5000 <0.000011>
mmap(NULL, 4096, PROT_READ|PROT_WRITE, MAP_PRIVATE|MAP_ANONYMOUS, -1, 0) = 0x7ff830ab4000 <0.000009>
arch_prctl(ARCH_SET_FS, 0x7ff830ab5700) = 0 <0.000009>
mprotect(0x7ff83088e000, 16384, PROT_READ) = 0 <0.000014>
mprotect(0x600000, 4096, PROT_READ)     = 0 <0.000012>
mprotect(0x7ff830abd000, 4096, PROT_READ) = 0 <0.000013>
munmap(0x7ff830ab7000, 24096)           = 0 <0.000019>
fstat(1, {st_mode=S_IFCHR|0620, st_rdev=makedev(136, 0), ...}) = 0 <0.000011>
brk(NULL)                               = 0x1c9e000 <0.000010>
brk(0x1cbf000)                          = 0x1cbf000 <0.000010>
write(1, "hello world\n", 12)           = 12 <0.000427>
exit_group(0)                           = ?
+++ exited with 0 +++

straceに-Tオプションを付けると、各システムコールにかかった時間を表示させることができる。
sarの%systemsが高いときに、どのシステムコールで時間がかかっているか調べたりできる。
