Linux 4.4.0-142-generic (ubuntu) 	2019年06月17日 	_x86_64_	(1 CPU)

# 各プロセスにはおおよそ、実行状態、実行可能状態、スリープ状態、ゾンビ状態の4状態がある
# 逆に、各論理CPUには、プロセス1が使用中、プロセス2が使用中、...、アイドル状態と、実行中プロセス数+1の状態がある
# プロセスがすべてスリープ状態（I/O待ち等）のとき、CPUはアイドル状態となる。このとき消費電力が低くなる。
# アイドル状態は以下のようなsar出力のうち、%idleを見ればわかる
# 処理の性能指標としてスループットとレイテンシがある
# スループット：単位時間あたりに完了できるプロセス数（一つのCPUに着目した指標）
# レイテンシ：プロセスの開始〜終了までにかかる時間（一つのプロセスに着目した指標）
# 明らかに、CPUにアイドル状態がなく、実行待ちプロセスも無い場合にスループットとレイテンシが最大になる。
# スループットとレイテンシはトレードオフ
# なお、CPUが複数存在する場合は、グローバルスケジューラ（ロードバランサ）がプロセスを各CPUにラウンドロビンに分配する

23時59分38秒     CPU     %user     %nice   %system   %iowait    %steal     %idle
23時59分39秒     all    100.00      0.00      0.00      0.00      0.00      0.00
23時59分39秒       0    100.00      0.00      0.00      0.00      0.00      0.00

23時59分39秒     CPU     %user     %nice   %system   %iowait    %steal     %idle
23時59分40秒     all    100.00      0.00      0.00      0.00      0.00      0.00
23時59分40秒       0    100.00      0.00      0.00      0.00      0.00      0.00

23時59分40秒     CPU     %user     %nice   %system   %iowait    %steal     %idle
23時59分41秒     all    100.00      0.00      0.00      0.00      0.00      0.00
23時59分41秒       0    100.00      0.00      0.00      0.00      0.00      0.00

23時59分41秒     CPU     %user     %nice   %system   %iowait    %steal     %idle
23時59分42秒     all    100.00      0.00      0.00      0.00      0.00      0.00
23時59分42秒       0    100.00      0.00      0.00      0.00      0.00      0.00

23時59分42秒     CPU     %user     %nice   %system   %iowait    %steal     %idle
23時59分43秒     all    100.00      0.00      0.00      0.00      0.00      0.00
23時59分43秒       0    100.00      0.00      0.00      0.00      0.00      0.00

23時59分43秒     CPU     %user     %nice   %system   %iowait    %steal     %idle
23時59分44秒     all    100.00      0.00      0.00      0.00      0.00      0.00
23時59分44秒       0    100.00      0.00      0.00      0.00      0.00      0.00

23時59分44秒     CPU     %user     %nice   %system   %iowait    %steal     %idle
23時59分45秒     all    100.00      0.00      0.00      0.00      0.00      0.00
23時59分45秒       0    100.00      0.00      0.00      0.00      0.00      0.00

23時59分45秒     CPU     %user     %nice   %system   %iowait    %steal     %idle
23時59分46秒     all    100.00      0.00      0.00      0.00      0.00      0.00
23時59分46秒       0    100.00      0.00      0.00      0.00      0.00      0.00

23時59分46秒     CPU     %user     %nice   %system   %iowait    %steal     %idle
23時59分47秒     all    100.00      0.00      0.00      0.00      0.00      0.00
23時59分47秒       0    100.00      0.00      0.00      0.00      0.00      0.00


平均値:      CPU     %user     %nice   %system   %iowait    %steal     %idle
平均値:      all    100.00      0.00      0.00      0.00      0.00      0.00
平均値:        0    100.00      0.00      0.00      0.00      0.00      0.00
