Linux 4.4.0-142-generic (ubuntu) 	2019年07月01日 	_x86_64_	(1 CPU)

00時51分39秒  pgpgin/s pgpgout/s   fault/s  majflt/s  pgfree/s pgscank/s pgscand/s pgsteal/s    %vmeff
00時51分40秒      0.00      0.00      1.01      0.00     35.35      0.00      0.00      0.00      0.00
00時51分41秒      0.00      0.00      0.00      0.00     34.00      0.00      0.00      0.00      0.00
00時51分42秒      0.00      0.00      0.00      0.00     35.00      0.00      0.00      0.00      0.00
00時51分43秒      0.00     28.00      0.00      0.00     34.00      0.00      0.00      0.00      0.00
00時51分44秒      0.00      0.00      1.01      0.00     35.35      0.00      0.00      0.00      0.00
00時51分45秒     86.60 199538.14    816.49      3.09    322.68      0.00      0.00      0.00      0.00
00時51分46秒      0.00 645466.67      0.00      0.00  19489.90  19206.06      0.00  19154.55     99.73
00時51分47秒     52.53 149046.46    309.09      4.04 253008.08  38408.08      0.00  38332.32     99.80
00時51分48秒      0.00     84.00      0.00      0.00     35.00      0.00      0.00      0.00      0.00
00時51分49秒      0.00      0.00      0.00      0.00     34.00      0.00      0.00      0.00      0.00
00時51分50秒      0.00      0.00      0.00      0.00     35.35      0.00      0.00      0.00      0.00
00時51分51秒      0.00      0.00      0.00      0.00     34.00      0.00      0.00      0.00      0.00
00時51分52秒      0.00      0.00      0.00      0.00     35.00      0.00      0.00      0.00      0.00
00時51分53秒      0.00     11.88      0.00      0.00     33.66      0.00      0.00      0.00      0.00
00時51分54秒      0.00      0.00      0.00      0.00     35.00      0.00      0.00      0.00      0.00
00時51分55秒      0.00      0.00      0.00      0.00     34.34      0.00      0.00      0.00      0.00
00時51分56秒      0.00      0.00      1.00      0.00     35.00      0.00      0.00      0.00      0.00
00時51分57秒      0.00      0.00      0.00      0.00     34.00      0.00      0.00      0.00      0.00
00時51分58秒     84.85 297959.60    807.07      4.04    307.07      0.00      0.00      0.00      0.00
00時51分59秒      0.00 651463.92      0.00      0.00  46821.65  46071.13      0.00  45949.48     99.74
00時52分00秒     56.57  56925.25    314.14      4.04 226459.60  12798.99      0.00  12782.83     99.87
00時52分01秒      0.00      0.00      0.00      0.00     34.00      0.00      0.00      0.00      0.00
00時52分02秒      0.00      0.00      0.00      0.00     35.00      0.00      0.00      0.00      0.00
00時52分03秒      0.00     88.00      0.00      0.00     34.00      0.00      0.00      0.00      0.00
00時52分04秒      0.00      0.00      0.00      0.00     35.00      0.00      0.00      0.00      0.00
00時52分05秒      0.00      0.00      0.00      0.00     34.00      0.00      0.00      0.00      0.00
00時52分06秒      0.00      0.00      0.00      0.00     35.00      0.00      0.00      0.00      0.00
00時52分07秒      0.00      0.00      0.00      0.00     34.00      0.00      0.00      0.00      0.00


平均値:       9.90  70455.26     79.33      0.54  19402.98   4104.70      0.00   4095.37     99.77
Linux 4.4.0-142-generic (ubuntu) 	2019年07月01日 	_x86_64_	(1 CPU)

00時51分37秒       DEV       tps  rd_sec/s  wr_sec/s  avgrq-sz  avgqu-sz     await     svctm     %util
00時51分38秒     loop0      0.00      0.00      0.00      0.00      0.00      0.00      0.00      0.00
00時51分38秒       sda      0.00      0.00      0.00      0.00      0.00      0.00      0.00      0.00

00時51分38秒       DEV       tps  rd_sec/s  wr_sec/s  avgrq-sz  avgqu-sz     await     svctm     %util
00時51分39秒     loop0      0.00      0.00      0.00      0.00      0.00      0.00      0.00      0.00
00時51分39秒       sda      0.00      0.00      0.00      0.00      0.00      0.00      0.00      0.00

00時51分39秒       DEV       tps  rd_sec/s  wr_sec/s  avgrq-sz  avgqu-sz     await     svctm     %util
00時51分40秒     loop0      0.00      0.00      0.00      0.00      0.00      0.00      0.00      0.00
00時51分40秒       sda      0.00      0.00      0.00      0.00      0.00      0.00      0.00      0.00

00時51分40秒       DEV       tps  rd_sec/s  wr_sec/s  avgrq-sz  avgqu-sz     await     svctm     %util
00時51分41秒     loop0      0.00      0.00      0.00      0.00      0.00      0.00      0.00      0.00
00時51分41秒       sda      0.00      0.00      0.00      0.00      0.00      0.00      0.00      0.00

00時51分41秒       DEV       tps  rd_sec/s  wr_sec/s  avgrq-sz  avgqu-sz     await     svctm     %util
00時51分42秒     loop0      0.00      0.00      0.00      0.00      0.00      0.00      0.00      0.00
00時51分42秒       sda      0.00      0.00      0.00      0.00      0.00      0.00      0.00      0.00

00時51分42秒       DEV       tps  rd_sec/s  wr_sec/s  avgrq-sz  avgqu-sz     await     svctm     %util
00時51分43秒     loop0      0.00      0.00      0.00      0.00      0.00      0.00      0.00      0.00
00時51分43秒       sda      2.00      0.00     56.00     28.00      0.00      2.00      2.00      0.40

00時51分43秒       DEV       tps  rd_sec/s  wr_sec/s  avgrq-sz  avgqu-sz     await     svctm     %util
00時51分44秒     loop0      0.00      0.00      0.00      0.00      0.00      0.00      0.00      0.00
00時51分44秒       sda      0.00      0.00      0.00      0.00      0.00      0.00      0.00      0.00

00時51分44秒       DEV       tps  rd_sec/s  wr_sec/s  avgrq-sz  avgqu-sz     await     svctm     %util
00時51分45秒     loop0      0.00      0.00      0.00      0.00      0.00      0.00      0.00      0.00
00時51分45秒       sda    263.92    173.20 523653.61   1984.81      5.23     19.56      1.22     32.16

00時51分45秒       DEV       tps  rd_sec/s  wr_sec/s  avgrq-sz  avgqu-sz     await     svctm     %util
00時51分46秒     loop0      0.00      0.00      0.00      0.00      0.00      0.00      0.00      0.00
00時51分46秒       sda    637.76      0.00 1281183.67   2008.90      8.21     13.21      1.16     73.88

00時51分46秒       DEV       tps  rd_sec/s  wr_sec/s  avgrq-sz  avgqu-sz     await     svctm     %util
00時51分47秒     loop0      0.00      0.00      0.00      0.00      0.00      0.00      0.00      0.00
00時51分47秒       sda    110.10    105.05 198723.23   1805.87      1.35     12.33      1.10     12.12

00時51分47秒       DEV       tps  rd_sec/s  wr_sec/s  avgrq-sz  avgqu-sz     await     svctm     %util
00時51分48秒     loop0      0.00      0.00      0.00      0.00      0.00      0.00      0.00      0.00
00時51分48秒       sda      3.00      0.00    168.00     56.00      0.00      1.33      1.33      0.40

00時51分48秒       DEV       tps  rd_sec/s  wr_sec/s  avgrq-sz  avgqu-sz     await     svctm     %util
00時51分49秒     loop0      0.00      0.00      0.00      0.00      0.00      0.00      0.00      0.00
00時51分49秒       sda      0.00      0.00      0.00      0.00      0.00      0.00      0.00      0.00

00時51分49秒       DEV       tps  rd_sec/s  wr_sec/s  avgrq-sz  avgqu-sz     await     svctm     %util
00時51分50秒     loop0      0.00      0.00      0.00      0.00      0.00      0.00      0.00      0.00
00時51分50秒       sda      0.00      0.00      0.00      0.00      0.00      0.00      0.00      0.00

00時51分50秒       DEV       tps  rd_sec/s  wr_sec/s  avgrq-sz  avgqu-sz     await     svctm     %util
00時51分51秒     loop0      0.00      0.00      0.00      0.00      0.00      0.00      0.00      0.00
00時51分51秒       sda      0.00      0.00      0.00      0.00      0.00      0.00      0.00      0.00

00時51分51秒       DEV       tps  rd_sec/s  wr_sec/s  avgrq-sz  avgqu-sz     await     svctm     %util
00時51分52秒     loop0      0.00      0.00      0.00      0.00      0.00      0.00      0.00      0.00
00時51分52秒       sda      0.00      0.00      0.00      0.00      0.00      0.00      0.00      0.00

00時51分52秒       DEV       tps  rd_sec/s  wr_sec/s  avgrq-sz  avgqu-sz     await     svctm     %util
00時51分53秒     loop0      0.00      0.00      0.00      0.00      0.00      0.00      0.00      0.00
00時51分53秒       sda      1.98      0.00     23.76     12.00      0.00      2.00      2.00      0.40

00時51分53秒       DEV       tps  rd_sec/s  wr_sec/s  avgrq-sz  avgqu-sz     await     svctm     %util
00時51分54秒     loop0      0.00      0.00      0.00      0.00      0.00      0.00      0.00      0.00
00時51分54秒       sda      0.00      0.00      0.00      0.00      0.00      0.00      0.00      0.00

00時51分54秒       DEV       tps  rd_sec/s  wr_sec/s  avgrq-sz  avgqu-sz     await     svctm     %util
00時51分55秒     loop0      0.00      0.00      0.00      0.00      0.00      0.00      0.00      0.00
00時51分55秒       sda      0.00      0.00      0.00      0.00      0.00      0.00      0.00      0.00

00時51分55秒       DEV       tps  rd_sec/s  wr_sec/s  avgrq-sz  avgqu-sz     await     svctm     %util
00時51分56秒     loop0      0.00      0.00      0.00      0.00      0.00      0.00      0.00      0.00
00時51分56秒       sda      0.00      0.00      0.00      0.00      0.00      0.00      0.00      0.00

00時51分56秒       DEV       tps  rd_sec/s  wr_sec/s  avgrq-sz  avgqu-sz     await     svctm     %util
00時51分57秒     loop0      0.00      0.00      0.00      0.00      0.00      0.00      0.00      0.00
00時51分57秒       sda      0.00      0.00      0.00      0.00      0.00      0.00      0.00      0.00

00時51分57秒       DEV       tps  rd_sec/s  wr_sec/s  avgrq-sz  avgqu-sz     await     svctm     %util
00時51分58秒     loop0      0.00      0.00      0.00      0.00      0.00      0.00      0.00      0.00
00時51分58秒       sda    380.61    171.43 752473.47   1977.46      5.25     13.96      1.23     46.94

00時51分58秒       DEV       tps  rd_sec/s  wr_sec/s  avgrq-sz  avgqu-sz     await     svctm     %util
00時51分59秒     loop0      0.00      0.00      0.00      0.00      0.00      0.00      0.00      0.00
00時51分59秒       sda    642.27    107.22 1267101.03   1973.02     10.48     16.49      1.25     80.00

00時51分59秒       DEV       tps  rd_sec/s  wr_sec/s  avgrq-sz  avgqu-sz     await     svctm     %util
00時52分00秒     loop0      0.00      0.00      0.00      0.00      0.00      0.00      0.00      0.00
00時52分00秒       sda      1.00      8.00      0.00      8.00      0.00      0.00      0.00      0.00

00時52分00秒       DEV       tps  rd_sec/s  wr_sec/s  avgrq-sz  avgqu-sz     await     svctm     %util
00時52分01秒     loop0      0.00      0.00      0.00      0.00      0.00      0.00      0.00      0.00
00時52分01秒       sda      0.00      0.00      0.00      0.00      0.00      0.00      0.00      0.00

00時52分01秒       DEV       tps  rd_sec/s  wr_sec/s  avgrq-sz  avgqu-sz     await     svctm     %util
00時52分02秒     loop0      0.00      0.00      0.00      0.00      0.00      0.00      0.00      0.00
00時52分02秒       sda      0.00      0.00      0.00      0.00      0.00      0.00      0.00      0.00

00時52分02秒       DEV       tps  rd_sec/s  wr_sec/s  avgrq-sz  avgqu-sz     await     svctm     %util
00時52分03秒     loop0      0.00      0.00      0.00      0.00      0.00      0.00      0.00      0.00
00時52分03秒       sda      4.04      0.00    177.78     44.00      0.00      1.00      1.00      0.40

00時52分03秒       DEV       tps  rd_sec/s  wr_sec/s  avgrq-sz  avgqu-sz     await     svctm     %util
00時52分04秒     loop0      0.00      0.00      0.00      0.00      0.00      0.00      0.00      0.00
00時52分04秒       sda      0.00      0.00      0.00      0.00      0.00      0.00      0.00      0.00

00時52分04秒       DEV       tps  rd_sec/s  wr_sec/s  avgrq-sz  avgqu-sz     await     svctm     %util
00時52分05秒     loop0      0.00      0.00      0.00      0.00      0.00      0.00      0.00      0.00
00時52分05秒       sda      0.00      0.00      0.00      0.00      0.00      0.00      0.00      0.00

00時52分05秒       DEV       tps  rd_sec/s  wr_sec/s  avgrq-sz  avgqu-sz     await     svctm     %util
00時52分06秒     loop0      0.00      0.00      0.00      0.00      0.00      0.00      0.00      0.00
00時52分06秒       sda      0.00      0.00      0.00      0.00      0.00      0.00      0.00      0.00

00時52分06秒       DEV       tps  rd_sec/s  wr_sec/s  avgrq-sz  avgqu-sz     await     svctm     %util
00時52分07秒     loop0      0.00      0.00      0.00      0.00      0.00      0.00      0.00      0.00
00時52分07秒       sda      0.00      0.00      0.00      0.00      0.00      0.00      0.00      0.00

00時52分07秒       DEV       tps  rd_sec/s  wr_sec/s  avgrq-sz  avgqu-sz     await     svctm     %util
00時52分08秒     loop0      0.00      0.00      0.00      0.00      0.00      0.00      0.00      0.00
00時52分08秒       sda      2.02      0.00     24.24     12.00      0.00      0.00      0.00      0.00

00時52分08秒       DEV       tps  rd_sec/s  wr_sec/s  avgrq-sz  avgqu-sz     await     svctm     %util
00時52分09秒     loop0      0.00      0.00      0.00      0.00      0.00      0.00      0.00      0.00
00時52分09秒       sda      0.00      0.00      0.00      0.00      0.00      0.00      0.00      0.00

00時52分09秒       DEV       tps  rd_sec/s  wr_sec/s  avgrq-sz  avgqu-sz     await     svctm     %util
00時52分10秒     loop0      0.00      0.00      0.00      0.00      0.00      0.00      0.00      0.00
00時52分10秒       sda      0.00      0.00      0.00      0.00      0.00      0.00      0.00      0.00



平均値:        DEV       tps  rd_sec/s  wr_sec/s  avgrq-sz  avgqu-sz     await     svctm     %util
平均値:      loop0      0.00      0.00      0.00      0.00      0.00      0.00      0.00      0.00
平均値:        sda     60.85     16.79 119476.73   1963.88      0.91     15.05      1.20      7.33
2019年  7月  1日 月曜日 00:51:58 JST: start write (file creation)
2019年  7月  1日 月曜日 00:51:59 JST: end write
#!/bin/bash

rm -f testfile

echo "$(date): start write (file creation)"
dd if=/dev/zero of=testfile bs=1M count=1K
echo "$(date): end write"

rm -f testfile
